<?xml version="1.0" encoding="UTF-8"?>
<!-- Generated by org.testng.reporters.JUnitReportReporter -->
<testsuite hostname="IBM716-PBR0RTX" name="wikiPac.Wiki" tests="9" failures="0" timestamp="14 Jun 2018 02:12:06 GMT" time="27.610" errors="0">
  <testcase name="testWiki6" time="0.043" classname="wikiPac.Wiki"/>
  <testcase name="testWiki1" time="2.456" classname="wikiPac.Wiki"/>
  <testcase name="testWiki3" time="1.226" classname="wikiPac.Wiki"/>
  <testcase name="testWiki0" time="3.366" classname="wikiPac.Wiki"/>
  <testcase name="testWiki5" time="0.020" classname="wikiPac.Wiki"/>
  <testcase name="travelex" time="17.770" classname="wikiPac.Wiki"/>
  <testcase name="testWiki4" time="0.029" classname="wikiPac.Wiki"/>
  <testcase name="testWiki2" time="0.917" classname="wikiPac.Wiki"/>
  <testcase name="testWiki7" time="1.783" classname="wikiPac.Wiki"/>
</testsuite> <!-- wikiPac.Wiki -->
